<?xml version="1.0" encoding="UTF-8"?>
<testsuite xmlns:xsi="http://www.w3.org/2001/XMLSchema-instance" xsi:noNamespaceSchemaLocation="https://maven.apache.org/surefire/maven-surefire-plugin/xsd/surefire-test-report-3.0.xsd" version="3.0" name="utils.ValidatorTest" time="0.076" tests="28" errors="0" skipped="0" failures="0">
  <properties>
    <property name="java.specification.version" value="21"/>
    <property name="sun.jnu.encoding" value="UTF-8"/>
    <property name="java.class.path" value="/Users/arian/Documents/Java/Ironhack/homework-java-ironschool/target/test-classes:/Users/arian/Documents/Java/Ironhack/homework-java-ironschool/target/classes:/Users/arian/.m2/repository/org/junit/jupiter/junit-jupiter-api/5.10.2/junit-jupiter-api-5.10.2.jar:/Users/arian/.m2/repository/org/opentest4j/opentest4j/1.3.0/opentest4j-1.3.0.jar:/Users/arian/.m2/repository/org/junit/platform/junit-platform-commons/1.10.2/junit-platform-commons-1.10.2.jar:/Users/arian/.m2/repository/org/apiguardian/apiguardian-api/1.1.2/apiguardian-api-1.1.2.jar:/Users/arian/.m2/repository/org/junit/jupiter/junit-jupiter-params/5.10.2/junit-jupiter-params-5.10.2.jar:/Users/arian/.m2/repository/org/projectlombok/lombok/1.18.30/lombok-1.18.30.jar:/Users/arian/.m2/repository/org/jacoco/jacoco-maven-plugin/0.8.11/jacoco-maven-plugin-0.8.11.jar:/Users/arian/.m2/repository/org/codehaus/plexus/plexus-utils/3.0.24/plexus-utils-3.0.24.jar:/Users/arian/.m2/repository/org/apache/maven/shared/file-management/3.1.0/file-management-3.1.0.jar:/Users/arian/.m2/repository/org/slf4j/slf4j-api/1.7.36/slf4j-api-1.7.36.jar:/Users/arian/.m2/repository/commons-io/commons-io/2.11.0/commons-io-2.11.0.jar:/Users/arian/.m2/repository/org/apache/maven/reporting/maven-reporting-api/3.0/maven-reporting-api-3.0.jar:/Users/arian/.m2/repository/org/apache/maven/doxia/doxia-sink-api/1.0/doxia-sink-api-1.0.jar:/Users/arian/.m2/repository/org/jacoco/org.jacoco.agent/0.8.11/org.jacoco.agent-0.8.11-runtime.jar:/Users/arian/.m2/repository/org/jacoco/org.jacoco.core/0.8.11/org.jacoco.core-0.8.11.jar:/Users/arian/.m2/repository/org/ow2/asm/asm/9.6/asm-9.6.jar:/Users/arian/.m2/repository/org/ow2/asm/asm-commons/9.6/asm-commons-9.6.jar:/Users/arian/.m2/repository/org/ow2/asm/asm-tree/9.6/asm-tree-9.6.jar:/Users/arian/.m2/repository/org/jacoco/org.jacoco.report/0.8.11/org.jacoco.report-0.8.11.jar:/Users/arian/.m2/repository/com/github/lalyos/jfiglet/0.0.3/jfiglet-0.0.3.jar:"/>
    <property name="java.vm.vendor" value="Oracle Corporation"/>
    <property name="sun.arch.data.model" value="64"/>
    <property name="java.vendor.url" value="https://java.oracle.com/"/>
    <property name="os.name" value="Mac OS X"/>
    <property name="java.vm.specification.version" value="21"/>
    <property name="sun.java.launcher" value="SUN_STANDARD"/>
    <property name="user.country" value="ES"/>
    <property name="sun.boot.library.path" value="/Users/arian/Library/Java/JavaVirtualMachines/openjdk-21.0.1/Contents/Home/lib"/>
    <property name="sun.java.command" value="/Users/arian/Documents/Java/Ironhack/homework-java-ironschool/target/surefire/surefirebooter-20240225232920671_3.jar /Users/arian/Documents/Java/Ironhack/homework-java-ironschool/target/surefire 2024-02-25T23-29-20_633-jvmRun1 surefire-20240225232920671_1tmp surefire_0-20240225232920671_2tmp"/>
    <property name="http.nonProxyHosts" value="local|*.local|169.254/16|*.169.254/16"/>
    <property name="jdk.debug" value="release"/>
    <property name="surefire.test.class.path" value="/Users/arian/Documents/Java/Ironhack/homework-java-ironschool/target/test-classes:/Users/arian/Documents/Java/Ironhack/homework-java-ironschool/target/classes:/Users/arian/.m2/repository/org/junit/jupiter/junit-jupiter-api/5.10.2/junit-jupiter-api-5.10.2.jar:/Users/arian/.m2/repository/org/opentest4j/opentest4j/1.3.0/opentest4j-1.3.0.jar:/Users/arian/.m2/repository/org/junit/platform/junit-platform-commons/1.10.2/junit-platform-commons-1.10.2.jar:/Users/arian/.m2/repository/org/apiguardian/apiguardian-api/1.1.2/apiguardian-api-1.1.2.jar:/Users/arian/.m2/repository/org/junit/jupiter/junit-jupiter-params/5.10.2/junit-jupiter-params-5.10.2.jar:/Users/arian/.m2/repository/org/projectlombok/lombok/1.18.30/lombok-1.18.30.jar:/Users/arian/.m2/repository/org/jacoco/jacoco-maven-plugin/0.8.11/jacoco-maven-plugin-0.8.11.jar:/Users/arian/.m2/repository/org/codehaus/plexus/plexus-utils/3.0.24/plexus-utils-3.0.24.jar:/Users/arian/.m2/repository/org/apache/maven/shared/file-management/3.1.0/file-management-3.1.0.jar:/Users/arian/.m2/repository/org/slf4j/slf4j-api/1.7.36/slf4j-api-1.7.36.jar:/Users/arian/.m2/repository/commons-io/commons-io/2.11.0/commons-io-2.11.0.jar:/Users/arian/.m2/repository/org/apache/maven/reporting/maven-reporting-api/3.0/maven-reporting-api-3.0.jar:/Users/arian/.m2/repository/org/apache/maven/doxia/doxia-sink-api/1.0/doxia-sink-api-1.0.jar:/Users/arian/.m2/repository/org/jacoco/org.jacoco.agent/0.8.11/org.jacoco.agent-0.8.11-runtime.jar:/Users/arian/.m2/repository/org/jacoco/org.jacoco.core/0.8.11/org.jacoco.core-0.8.11.jar:/Users/arian/.m2/repository/org/ow2/asm/asm/9.6/asm-9.6.jar:/Users/arian/.m2/repository/org/ow2/asm/asm-commons/9.6/asm-commons-9.6.jar:/Users/arian/.m2/repository/org/ow2/asm/asm-tree/9.6/asm-tree-9.6.jar:/Users/arian/.m2/repository/org/jacoco/org.jacoco.report/0.8.11/org.jacoco.report-0.8.11.jar:/Users/arian/.m2/repository/com/github/lalyos/jfiglet/0.0.3/jfiglet-0.0.3.jar:"/>
    <property name="sun.cpu.endian" value="little"/>
    <property name="user.home" value="/Users/arian"/>
    <property name="user.language" value="es"/>
    <property name="java.specification.vendor" value="Oracle Corporation"/>
    <property name="java.version.date" value="2023-10-17"/>
    <property name="java.home" value="/Users/arian/Library/Java/JavaVirtualMachines/openjdk-21.0.1/Contents/Home"/>
    <property name="file.separator" value="/"/>
    <property name="basedir" value="/Users/arian/Documents/Java/Ironhack/homework-java-ironschool"/>
    <property name="java.vm.compressedOopsMode" value="Zero based"/>
    <property name="line.separator" value="&#10;"/>
    <property name="java.vm.specification.vendor" value="Oracle Corporation"/>
    <property name="java.specification.name" value="Java Platform API Specification"/>
    <property name="apple.awt.application.name" value="ForkedBooter"/>
    <property name="surefire.real.class.path" value="/Users/arian/Documents/Java/Ironhack/homework-java-ironschool/target/surefire/surefirebooter-20240225232920671_3.jar"/>
    <property name="sun.management.compiler" value="HotSpot 64-Bit Tiered Compilers"/>
    <property name="ftp.nonProxyHosts" value="local|*.local|169.254/16|*.169.254/16"/>
    <property name="java.runtime.version" value="21.0.1+12-29"/>
    <property name="user.name" value="arian"/>
    <property name="stdout.encoding" value="UTF-8"/>
    <property name="path.separator" value=":"/>
    <property name="os.version" value="14.3.1"/>
    <property name="java.runtime.name" value="OpenJDK Runtime Environment"/>
    <property name="file.encoding" value="UTF-8"/>
    <property name="java.vm.name" value="OpenJDK 64-Bit Server VM"/>
    <property name="localRepository" value="/Users/arian/.m2/repository"/>
    <property name="java.vendor.url.bug" value="https://bugreport.java.com/bugreport/"/>
    <property name="java.io.tmpdir" value="/var/folders/cf/lqmd6pj124s6zh1p6v1zq7vw0000gn/T/"/>
    <property name="idea.version" value="2023.3.2"/>
    <property name="java.version" value="21.0.1"/>
    <property name="user.dir" value="/Users/arian/Documents/Java/Ironhack/homework-java-ironschool"/>
    <property name="os.arch" value="aarch64"/>
    <property name="java.vm.specification.name" value="Java Virtual Machine Specification"/>
    <property name="native.encoding" value="UTF-8"/>
    <property name="java.library.path" value="/Users/arian/Library/Java/Extensions:/Library/Java/Extensions:/Network/Library/Java/Extensions:/System/Library/Java/Extensions:/usr/lib/java:."/>
    <property name="java.vm.info" value="mixed mode, sharing"/>
    <property name="stderr.encoding" value="UTF-8"/>
    <property name="java.vendor" value="Oracle Corporation"/>
    <property name="java.vm.version" value="21.0.1+12-29"/>
    <property name="sun.io.unicode.encoding" value="UnicodeBig"/>
    <property name="socksNonProxyHosts" value="local|*.local|169.254/16|*.169.254/16"/>
    <property name="java.class.version" value="65.0"/>
  </properties>
  <testcase name="isEmailValid_when_wrong_email(String)[1]" classname="utils.ValidatorTest" time="0.019"/>
  <testcase name="isEmailValid_when_wrong_email(String)[2]" classname="utils.ValidatorTest" time="0.0"/>
  <testcase name="isEmailValid_when_wrong_email(String)[3]" classname="utils.ValidatorTest" time="0.001"/>
  <testcase name="isEmailValid_when_wrong_email(String)[4]" classname="utils.ValidatorTest" time="0.001"/>
  <testcase name="isNameValid_when_wrong_name(String)[1]" classname="utils.ValidatorTest" time="0.001"/>
  <testcase name="isNameValid_when_wrong_name(String)[2]" classname="utils.ValidatorTest" time="0.0"/>
  <testcase name="isNameValid_when_wrong_name(String)[3]" classname="utils.ValidatorTest" time="0.0"/>
  <testcase name="isNameValid_when_wrong_name(String)[4]" classname="utils.ValidatorTest" time="0.0"/>
  <testcase name="isNameValid_when_wrong_name(String)[5]" classname="utils.ValidatorTest" time="0.0"/>
  <testcase name="isEmailValid_when_correct_email(String)[1]" classname="utils.ValidatorTest" time="0.001"/>
  <testcase name="isEmailValid_when_correct_email(String)[2]" classname="utils.ValidatorTest" time="0.001"/>
  <testcase name="isEmailValid_when_correct_email(String)[3]" classname="utils.ValidatorTest" time="0.001"/>
  <testcase name="isEmailValid_when_correct_email(String)[4]" classname="utils.ValidatorTest" time="0.0"/>
  <testcase name="isEmailValid_when_correct_email(String)[5]" classname="utils.ValidatorTest" time="0.0"/>
  <testcase name="isEmailValid_when_correct_email(String)[6]" classname="utils.ValidatorTest" time="0.001"/>
  <testcase name="isNameValid_when_correct_name(String)[1]" classname="utils.ValidatorTest" time="0.0"/>
  <testcase name="isNameValid_when_correct_name(String)[2]" classname="utils.ValidatorTest" time="0.0"/>
  <testcase name="isNameValid_when_correct_name(String)[3]" classname="utils.ValidatorTest" time="0.001"/>
  <testcase name="isNameValid_when_correct_name(String)[4]" classname="utils.ValidatorTest" time="0.0"/>
  <testcase name="isNameValid_when_correct_name(String)[5]" classname="utils.ValidatorTest" time="0.0"/>
  <testcase name="isAddressValid_when_correct_address(String)[1]" classname="utils.ValidatorTest" time="0.0"/>
  <testcase name="isAddressValid_when_correct_address(String)[2]" classname="utils.ValidatorTest" time="0.0"/>
  <testcase name="isAddressValid_when_correct_address(String)[3]" classname="utils.ValidatorTest" time="0.001"/>
  <testcase name="isAddressValid_when_correct_address(String)[4]" classname="utils.ValidatorTest" time="0.0"/>
  <testcase name="isAddressValid_when_wrong_address(String)[1]" classname="utils.ValidatorTest" time="0.001"/>
  <testcase name="isAddressValid_when_wrong_address(String)[2]" classname="utils.ValidatorTest" time="0.001"/>
  <testcase name="isAddressValid_when_wrong_address(String)[3]" classname="utils.ValidatorTest" time="0.0"/>
  <testcase name="isAddressValid_when_wrong_address(String)[4]" classname="utils.ValidatorTest" time="0.001"/>
</testsuite>